<?xml version="1.0" encoding="UTF-8"?>
<!-- Generated by org.testng.reporters.JUnitXMLReporter -->
<testsuite ignored="0" hostname="DESKTOP-CIFA2DV" failures="0" tests="6" name="Default test" time="203.328" errors="0" timestamp="2023-04-12T14:43:32 IST">
  <testcase classname="TestCase.TC01" name="verifyCheckTextClick" time="0.683"/>
  <testcase classname="TestCase.TC01" name="verifyCookiesHandle" time="0.046"/>
  <testcase classname="TestCase.TC01" name="verifyGetWindowHandle" time="2.844"/>
  <testcase classname="TestCase.TC01" name="verifyLoginWithValidCredential" time="13.184"/>
  <testcase classname="TestCase.TC01" name="verifyMouseHover" time="0.25"/>
  <testcase classname="TestCase.TC01" name="verifyScrollDown" time="0.808"/>
</testsuite> <!-- Default test -->
