<?xml version="1.0" encoding="UTF-8"?>
<testng-results ignored="0" total="6" passed="6" failed="0" skipped="0">
  <reporter-output>
  </reporter-output>
  <suite started-at="2023-04-12T14:40:05 IST" name="Default suite" finished-at="2023-04-12T14:43:28 IST" duration-ms="203328">
    <groups>
    </groups>
    <test started-at="2023-04-12T14:40:05 IST" name="Default test" finished-at="2023-04-12T14:43:28 IST" duration-ms="203328">
      <class name="TestCase.TC01">
        <test-method is-config="true" signature="beforeMethod()[pri:0, instance:TestCase.TC01@42e99e4a]" started-at="2023-04-12T14:40:05 IST" name="beforeMethod" finished-at="2023-04-12T14:40:41 IST" duration-ms="36414" status="PASS">
          <reporter-output>
          </reporter-output>
        </test-method> <!-- beforeMethod -->
        <test-method signature="verifyCheckTextClick()[pri:0, instance:TestCase.TC01@42e99e4a]" started-at="2023-04-12T14:40:41 IST" name="verifyCheckTextClick" finished-at="2023-04-12T14:40:42 IST" duration-ms="683" status="PASS">
          <reporter-output>
          </reporter-output>
        </test-method> <!-- verifyCheckTextClick -->
        <test-method is-config="true" signature="beforeMethod()[pri:0, instance:TestCase.TC01@42e99e4a]" started-at="2023-04-12T14:40:42 IST" name="beforeMethod" finished-at="2023-04-12T14:40:57 IST" duration-ms="14547" status="PASS">
          <reporter-output>
          </reporter-output>
        </test-method> <!-- beforeMethod -->
        <test-method signature="verifyCookiesHandle()[pri:0, instance:TestCase.TC01@42e99e4a]" started-at="2023-04-12T14:40:57 IST" name="verifyCookiesHandle" finished-at="2023-04-12T14:40:57 IST" duration-ms="46" status="PASS">
          <reporter-output>
          </reporter-output>
        </test-method> <!-- verifyCookiesHandle -->
        <test-method is-config="true" signature="beforeMethod()[pri:0, instance:TestCase.TC01@42e99e4a]" started-at="2023-04-12T14:40:57 IST" name="beforeMethod" finished-at="2023-04-12T14:41:11 IST" duration-ms="14233" status="PASS">
          <reporter-output>
          </reporter-output>
        </test-method> <!-- beforeMethod -->
        <test-method signature="verifyGetWindowHandle()[pri:0, instance:TestCase.TC01@42e99e4a]" started-at="2023-04-12T14:41:11 IST" name="verifyGetWindowHandle" finished-at="2023-04-12T14:41:14 IST" duration-ms="2844" status="PASS">
          <reporter-output>
          </reporter-output>
        </test-method> <!-- verifyGetWindowHandle -->
        <test-method is-config="true" signature="beforeMethod()[pri:0, instance:TestCase.TC01@42e99e4a]" started-at="2023-04-12T14:41:14 IST" name="beforeMethod" finished-at="2023-04-12T14:41:39 IST" duration-ms="24797" status="PASS">
          <reporter-output>
          </reporter-output>
        </test-method> <!-- beforeMethod -->
        <test-method signature="verifyLoginWithValidCredential()[pri:0, instance:TestCase.TC01@42e99e4a]" started-at="2023-04-12T14:41:39 IST" name="verifyLoginWithValidCredential" finished-at="2023-04-12T14:41:52 IST" duration-ms="13184" status="PASS">
          <reporter-output>
          </reporter-output>
        </test-method> <!-- verifyLoginWithValidCredential -->
        <test-method is-config="true" signature="beforeMethod()[pri:0, instance:TestCase.TC01@42e99e4a]" started-at="2023-04-12T14:41:52 IST" name="beforeMethod" finished-at="2023-04-12T14:42:24 IST" duration-ms="32564" status="PASS">
          <reporter-output>
          </reporter-output>
        </test-method> <!-- beforeMethod -->
        <test-method signature="verifyMouseHover()[pri:0, instance:TestCase.TC01@42e99e4a]" started-at="2023-04-12T14:42:24 IST" name="verifyMouseHover" finished-at="2023-04-12T14:42:25 IST" duration-ms="250" status="PASS">
          <reporter-output>
          </reporter-output>
        </test-method> <!-- verifyMouseHover -->
        <test-method is-config="true" signature="beforeMethod()[pri:0, instance:TestCase.TC01@42e99e4a]" started-at="2023-04-12T14:42:25 IST" name="beforeMethod" finished-at="2023-04-12T14:43:27 IST" duration-ms="62821" status="PASS">
          <reporter-output>
          </reporter-output>
        </test-method> <!-- beforeMethod -->
        <test-method signature="verifyScrollDown()[pri:0, instance:TestCase.TC01@42e99e4a]" started-at="2023-04-12T14:43:27 IST" name="verifyScrollDown" finished-at="2023-04-12T14:43:28 IST" duration-ms="808" status="PASS">
          <reporter-output>
          </reporter-output>
        </test-method> <!-- verifyScrollDown -->
      </class> <!-- TestCase.TC01 -->
    </test> <!-- Default test -->
  </suite> <!-- Default suite -->
</testng-results>
